Removed Pin From Net: NetName=VCC Pin=D1-1
Removed Pin From Net: NetName=GND Pin=D2-2
Removed Pin From Net: NetName=VCC Pin=D3-1
Removed Pin From Net: NetName=GND Pin=D4-2
Added Component: Designator=R?(RES10-7.8X2.8)
Added Component: Designator=R?(RES10-7.8X2.8)
Added Component: Designator=R?(RES10-7.8X2.8)
Added Component: Designator=R?(RES10-7.8X2.8)
Added Pin To Net: NetName=GND Pin=R?-1
Added Pin To Net: NetName=GND Pin=R?-1
Added Pin To Net: NetName=VCC Pin=R?-1
Added Pin To Net: NetName=VCC Pin=R?-1
Added Pin To Net: NetName=NetD1_1 Pin=D1-1
Added Pin To Net: NetName=NetD1_1 Pin=R?-2
Added Net: Name=NetD1_1
Added Pin To Net: NetName=NetD2_2 Pin=D2-2
Added Pin To Net: NetName=NetD2_2 Pin=R?-2
Added Net: Name=NetD2_2
Added Pin To Net: NetName=NetD3_1 Pin=D3-1
Added Pin To Net: NetName=NetD3_1 Pin=R?-2
Added Net: Name=NetD3_1
Added Pin To Net: NetName=NetD4_2 Pin=D4-2
Added Pin To Net: NetName=NetD4_2 Pin=R?-2
Added Net: Name=NetD4_2
Added Member To Class: ClassName=state indicator Member=Component R? Res Semi
Added Member To Class: ClassName=state indicator Member=Component R? Res Semi
Added Member To Class: ClassName=state indicator Member=Component R? Res Semi
Added Member To Class: ClassName=state indicator Member=Component R? Res Semi
