Removed Pin From Net: NetName=GND Pin=B1-0
Removed Pin From Net: NetName=VCC Pin=B1-1
Removed Pin From Net: NetName=GND Pin=B2-0
Removed Pin From Net: NetName=VCC Pin=B2-1
Removed Pin From Net: NetName=GND Pin=B3-0
Removed Pin From Net: NetName=VCC Pin=B3-1
Removed Pin From Net: NetName=GND Pin=B4-0
Removed Pin From Net: NetName=VCC Pin=B4-1
Removed Pin From Net: NetName=GND Pin=B5-0
Removed Pin From Net: NetName=VCC Pin=B5-1
Removed Pin From Net: NetName=GND Pin=B6-0
Removed Pin From Net: NetName=VCC Pin=B6-1
Removed Member From Class: ClassName=powerstrip Member=B1
Removed Member From Class: ClassName=powerstrip Member=B2
Removed Member From Class: ClassName=powerstrip Member=B3
Removed Member From Class: ClassName=powerstrip Member=B4
Removed Member From Class: ClassName=powerstrip Member=B5
Removed Member From Class: ClassName=powerstrip Member=B6
Change Class Name : Old Net Name=powerstrip New Net Name=powerstrip2
Added Room: Name=powerstrip2
