Removed Pin From Net: NetName=SEG_A Pin=U1-12
Removed Pin From Net: NetName=SEG_F Pin=U1-13
Removed Pin From Net: NetName=SEG_E Pin=U1-14
Added Component: Designator=D1(LED-1)
Added Component: Designator=D2(LED-1)
Added Component: Designator=D3(LED-1)
Added Component: Designator=D4(LED-1)
Added Pin To Net: NetName=VCC Pin=D1-1
Added Pin To Net: NetName=GND Pin=D2-2
Added Pin To Net: NetName=VCC Pin=D3-1
Added Pin To Net: NetName=GND Pin=D4-2
Added Pin To Net: NetName=SEG_A Pin=U1-11
Added Pin To Net: NetName=SEG_F Pin=U1-12
Added Pin To Net: NetName=SEG_E Pin=U1-13
Added Pin To Net: NetName=MOTORS_LED Pin=D1-2
Added Pin To Net: NetName=MOTORS_LED Pin=D2-1
Added Pin To Net: NetName=MOTORS_LED Pin=U1-14
Added Net: Name=MOTORS_LED
Added Pin To Net: NetName=PC_LED Pin=D3-2
Added Pin To Net: NetName=PC_LED Pin=D4-1
Added Pin To Net: NetName=PC_LED Pin=U1-9
Added Net: Name=PC_LED
Added Member To Class: ClassName=state indicator Member=Component D1 LED1
Added Member To Class: ClassName=state indicator Member=Component D2 LED1
Added Member To Class: ClassName=state indicator Member=Component D3 LED1
Added Member To Class: ClassName=state indicator Member=Component D4 LED1
